<?xml version="1.0" encoding="UTF-8" standalone="yes"?><!DOCTYPE report PUBLIC "-//JACOCO//DTD Report 1.1//EN" "report.dtd"><report name="service"><sessioninfo id="DESKTOP-HDO64M6-37d33697" start="1695195951591" dump="1695195953831"/><sessioninfo id="DESKTOP-HDO64M6-17f46d02" start="1695289686151" dump="1695289688795"/><sessioninfo id="DESKTOP-HDO64M6-7b1f8a72" start="1695289747330" dump="1695289753207"/><sessioninfo id="DESKTOP-HDO64M6-aa45a339" start="1695290091448" dump="1695290093084"/><sessioninfo id="DESKTOP-HDO64M6-455afc46" start="1695290254514" dump="1695290258826"/><sessioninfo id="DESKTOP-HDO64M6-8d153ea5" start="1695290464638" dump="1695290469118"/><sessioninfo id="DESKTOP-HDO64M6-fa9cd315" start="1695290534757" dump="1695290539181"/><sessioninfo id="DESKTOP-HDO64M6-4a45a4a5" start="1695290635725" dump="1695290642740"/><sessioninfo id="DESKTOP-HDO64M6-6138bb91" start="1695290824114" dump="1695290828971"/><sessioninfo id="DESKTOP-HDO64M6-997cff93" start="1695291012264" dump="1695291016629"/><sessioninfo id="DESKTOP-HDO64M6-75630f2d" start="1695486608700" dump="1695486615954"/><sessioninfo id="DESKTOP-HDO64M6-fde2da58" start="1695486655532" dump="1695486660105"/><sessioninfo id="DESKTOP-HDO64M6-e1a50edf" start="1695486790508" dump="1695486794747"/><sessioninfo id="DESKTOP-HDO64M6-a53cfc94" start="1695487223136" dump="1695487224678"/><sessioninfo id="DESKTOP-HDO64M6-40c1042f" start="1695487736334" dump="1695487741182"/><sessioninfo id="DESKTOP-HDO64M6-9378dcf8" start="1695487789777" dump="1695487794266"/><sessioninfo id="DESKTOP-HDO64M6-7dae6895" start="1695488107959" dump="1695488112476"/><sessioninfo id="DESKTOP-HDO64M6-b73f1bba" start="1695489034852" dump="1695489039450"/><sessioninfo id="DESKTOP-HDO64M6-4fe404de" start="1695606552103" dump="1695606557805"/><sessioninfo id="DESKTOP-HDO64M6-c3e6c85" start="1695606828319" dump="1695606833124"/><sessioninfo id="DESKTOP-HDO64M6-b2f42bdb" start="1695607004363" dump="1695607009856"/><sessioninfo id="DESKTOP-HDO64M6-2b9bf8c7" start="1695607303134" dump="1695607309245"/><sessioninfo id="DESKTOP-HDO64M6-ca53ce83" start="1695607432682" dump="1695607436882"/><sessioninfo id="DESKTOP-HDO64M6-191e74d5" start="1695607531057" dump="1695607535390"/><sessioninfo id="DESKTOP-HDO64M6-62fb89c9" start="1695607580452" dump="1695607586406"/><sessioninfo id="DESKTOP-HDO64M6-e50fdf96" start="1695607632117" dump="1695607637211"/><sessioninfo id="DESKTOP-HDO64M6-e5b8b3bb" start="1695608393905" dump="1695608400429"/><sessioninfo id="DESKTOP-HDO64M6-f95725f8" start="1695608510805" dump="1695608515278"/><sessioninfo id="DESKTOP-HDO64M6-4113a84" start="1695608712650" dump="1695608717779"/><sessioninfo id="DESKTOP-HDO64M6-ec2f93c5" start="1695609179736" dump="1695609184779"/><sessioninfo id="DESKTOP-HDO64M6-2897a9b0" start="1695609205464" dump="1695609210812"/><sessioninfo id="DESKTOP-HDO64M6-18be0075" start="1695609350718" dump="1695609356003"/><sessioninfo id="DESKTOP-HDO64M6-3b97a574" start="1695609642994" dump="1695609648510"/><sessioninfo id="DESKTOP-HDO64M6-ad3c4fa5" start="1695609765405" dump="1695609770743"/><sessioninfo id="DESKTOP-HDO64M6-214b1c8c" start="1695609824105" dump="1695609829731"/><sessioninfo id="DESKTOP-HDO64M6-94e336b7" start="1695610072495" dump="1695610078787"/><sessioninfo id="DESKTOP-HDO64M6-d65ebf94" start="1695610184706" dump="1695610190266"/><sessioninfo id="DESKTOP-HDO64M6-6b6e3fdc" start="1695700707870" dump="1695700712607"/><sessioninfo id="DESKTOP-HDO64M6-19c4c2bf" start="1695700862713" dump="1695700867404"/><sessioninfo id="DESKTOP-HDO64M6-4476e110" start="1695777897767" dump="1695777905694"/><sessioninfo id="DESKTOP-HDO64M6-3b07e10a" start="1695778901662" dump="1695778906990"/><sessioninfo id="DESKTOP-HDO64M6-6dba68b6" start="1695778924913" dump="1695778930369"/><sessioninfo id="DESKTOP-HDO64M6-9c7bb6c9" start="1695779081901" dump="1695779087754"/><sessioninfo id="DESKTOP-HDO64M6-6709d8f3" start="1695779098684" dump="1695779104150"/><sessioninfo id="DESKTOP-HDO64M6-315a7acc" start="1695779541721" dump="1695779548721"/><sessioninfo id="DESKTOP-HDO64M6-814b81d6" start="1695780328850" dump="1695780334779"/><sessioninfo id="DESKTOP-HDO64M6-996ccd88" start="1695780562363" dump="1695780567000"/><sessioninfo id="DESKTOP-HDO64M6-4547a3a1" start="1695780820959" dump="1695780827199"/><sessioninfo id="DESKTOP-HDO64M6-7b4bfaea" start="1695780909883" dump="1695780916149"/><sessioninfo id="DESKTOP-HDO64M6-31422c3f" start="1695780928868" dump="1695780934514"/><sessioninfo id="DESKTOP-HDO64M6-9fbf92f2" start="1695781045738" dump="1695781052239"/><sessioninfo id="DESKTOP-HDO64M6-6d208d1d" start="1695781126120" dump="1695781132082"/><sessioninfo id="DESKTOP-HDO64M6-dfbe2860" start="1695781215327" dump="1695781221934"/><sessioninfo id="DESKTOP-HDO64M6-db5859d5" start="1695781420742" dump="1695781427352"/><sessioninfo id="DESKTOP-HDO64M6-76c2ac30" start="1695781450101" dump="1695781461170"/><sessioninfo id="DESKTOP-HDO64M6-9bf912dc" start="1695781503672" dump="1695781510353"/><sessioninfo id="DESKTOP-HDO64M6-6afc99c9" start="1695781725570" dump="1695781731426"/><sessioninfo id="DESKTOP-HDO64M6-3cf59f34" start="1695781780917" dump="1695781786273"/><sessioninfo id="DESKTOP-HDO64M6-f625a5e8" start="1695782143390" dump="1695782149907"/><sessioninfo id="DESKTOP-HDO64M6-39fafae0" start="1695782198344" dump="1695782204172"/><sessioninfo id="DESKTOP-HDO64M6-b12fc413" start="1695782301749" dump="1695782308165"/><sessioninfo id="DESKTOP-HDO64M6-b1558055" start="1695782447201" dump="1695782452912"/><sessioninfo id="DESKTOP-HDO64M6-cb7e5bb0" start="1695782689679" dump="1695782695367"/><sessioninfo id="DESKTOP-HDO64M6-4ef33146" start="1695782762558" dump="1695782767937"/><sessioninfo id="DESKTOP-HDO64M6-700ff1a0" start="1695782842095" dump="1695782848054"/><sessioninfo id="DESKTOP-HDO64M6-d1e42f9d" start="1695782875860" dump="1695782881370"/><sessioninfo id="DESKTOP-HDO64M6-b28821ef" start="1695782913054" dump="1695782918792"/><package name="com/company"><class name="com/company/CustomTableService" sourcefilename="CustomTableService.java"/><class name="com/company/CustomTableServiceImpl" sourcefilename="CustomTableServiceImpl.java"><method name="&lt;init&gt;" desc="()V" line="20"><counter type="INSTRUCTION" missed="0" covered="11"/><counter type="LINE" missed="0" covered="3"/><counter type="COMPLEXITY" missed="0" covered="1"/><counter type="METHOD" missed="0" covered="1"/></method><method name="createTable" desc="()V" line="29"><counter type="INSTRUCTION" missed="0" covered="100"/><counter type="BRANCH" missed="0" covered="4"/><counter type="LINE" missed="0" covered="18"/><counter type="COMPLEXITY" missed="0" covered="3"/><counter type="METHOD" missed="0" covered="1"/></method><method name="createTable" desc="(Ljava/lang/Integer;Ljava/lang/Integer;)V" line="55"><counter type="INSTRUCTION" missed="0" covered="118"/><counter type="BRANCH" missed="1" covered="9"/><counter type="LINE" missed="0" covered="20"/><counter type="COMPLEXITY" missed="1" covered="5"/><counter type="METHOD" missed="0" covered="1"/></method><method name="createTable" desc="(Ljava/lang/String;)V" line="88"><counter type="INSTRUCTION" missed="78" covered="8"/><counter type="BRANCH" missed="4" covered="0"/><counter type="LINE" missed="15" covered="2"/><counter type="COMPLEXITY" missed="2" covered="1"/><counter type="METHOD" missed="0" covered="1"/></method><method name="setDataTable" desc="(Lcom/company/CustomTable;)V" line="113"><counter type="INSTRUCTION" missed="0" covered="4"/><counter type="LINE" missed="0" covered="2"/><counter type="COMPLEXITY" missed="0" covered="1"/><counter type="METHOD" missed="0" covered="1"/></method><method name="validateDimension" desc="(Ljava/lang/Integer;)V" line="118"><counter type="INSTRUCTION" missed="0" covered="9"/><counter type="BRANCH" missed="0" covered="2"/><counter type="LINE" missed="0" covered="2"/><counter type="COMPLEXITY" missed="0" covered="2"/><counter type="METHOD" missed="0" covered="1"/></method><method name="printTable" desc="()V" line="123"><counter type="INSTRUCTION" missed="0" covered="62"/><counter type="BRANCH" missed="0" covered="4"/><counter type="LINE" missed="0" covered="10"/><counter type="COMPLEXITY" missed="0" covered="3"/><counter type="METHOD" missed="0" covered="1"/></method><method name="searchKeyInstances" desc="(Ljava/lang/String;)Ljava/util/List;" line="136"><counter type="INSTRUCTION" missed="0" covered="6"/><counter type="LINE" missed="0" covered="1"/><counter type="COMPLEXITY" missed="0" covered="1"/><counter type="METHOD" missed="0" covered="1"/></method><method name="searchValueInstances" desc="(Ljava/lang/String;)Ljava/util/List;" line="141"><counter type="INSTRUCTION" missed="0" covered="6"/><counter type="LINE" missed="0" covered="1"/><counter type="COMPLEXITY" missed="0" covered="1"/><counter type="METHOD" missed="0" covered="1"/></method><method name="searchInstances" desc="(Ljava/lang/String;Ljava/lang/Boolean;)Ljava/util/List;" line="146"><counter type="INSTRUCTION" missed="0" covered="110"/><counter type="BRANCH" missed="1" covered="17"/><counter type="LINE" missed="0" covered="21"/><counter type="COMPLEXITY" missed="1" covered="9"/><counter type="METHOD" missed="0" covered="1"/></method><method name="getDataByKey" desc="(Ljava/lang/String;)Ljava/util/List;" line="181"><counter type="INSTRUCTION" missed="0" covered="49"/><counter type="BRANCH" missed="0" covered="2"/><counter type="LINE" missed="0" covered="9"/><counter type="COMPLEXITY" missed="0" covered="2"/><counter type="METHOD" missed="0" covered="1"/></method><method name="getDataByCoord" desc="(II)Ljava/util/List;" line="196"><counter type="INSTRUCTION" missed="0" covered="45"/><counter type="LINE" missed="0" covered="7"/><counter type="COMPLEXITY" missed="0" covered="1"/><counter type="METHOD" missed="0" covered="1"/></method><method name="getCoordByKey" desc="(Ljava/lang/String;)[I" line="209"><counter type="INSTRUCTION" missed="0" covered="38"/><counter type="BRANCH" missed="0" covered="4"/><counter type="LINE" missed="0" covered="5"/><counter type="COMPLEXITY" missed="0" covered="3"/><counter type="METHOD" missed="0" covered="1"/></method><method name="changeKey" desc="(Ljava/lang/String;Ljava/lang/String;)V" line="221"><counter type="INSTRUCTION" missed="0" covered="33"/><counter type="BRANCH" missed="0" covered="2"/><counter type="LINE" missed="0" covered="6"/><counter type="COMPLEXITY" missed="0" covered="2"/><counter type="METHOD" missed="0" covered="1"/></method><method name="changeValueByKey" desc="(Ljava/lang/String;Ljava/lang/String;)V" line="231"><counter type="INSTRUCTION" missed="0" covered="8"/><counter type="LINE" missed="0" covered="2"/><counter type="COMPLEXITY" missed="0" covered="1"/><counter type="METHOD" missed="0" covered="1"/></method><method name="saveTable" desc="()V" line="236"><counter type="INSTRUCTION" missed="0" covered="62"/><counter type="BRANCH" missed="0" covered="4"/><counter type="LINE" missed="0" covered="10"/><counter type="COMPLEXITY" missed="0" covered="3"/><counter type="METHOD" missed="0" covered="1"/></method><method name="sortRow" desc="(Ljava/lang/Integer;)V" line="250"><counter type="INSTRUCTION" missed="0" covered="126"/><counter type="BRANCH" missed="0" covered="4"/><counter type="LINE" missed="0" covered="16"/><counter type="COMPLEXITY" missed="0" covered="3"/><counter type="METHOD" missed="0" covered="1"/></method><method name="insertRow" desc="(Ljava/lang/Integer;Ljava/lang/Integer;)V" line="271"><counter type="INSTRUCTION" missed="0" covered="100"/><counter type="BRANCH" missed="1" covered="7"/><counter type="LINE" missed="0" covered="15"/><counter type="COMPLEXITY" missed="1" covered="4"/><counter type="METHOD" missed="0" covered="1"/></method><method name="getRowCount" desc="()Ljava/lang/Integer;" line="296"><counter type="INSTRUCTION" missed="0" covered="6"/><counter type="LINE" missed="0" covered="1"/><counter type="COMPLEXITY" missed="0" covered="1"/><counter type="METHOD" missed="0" covered="1"/></method><counter type="INSTRUCTION" missed="78" covered="901"/><counter type="BRANCH" missed="7" covered="59"/><counter type="LINE" missed="15" covered="151"/><counter type="COMPLEXITY" missed="5" covered="47"/><counter type="METHOD" missed="0" covered="19"/><counter type="CLASS" missed="0" covered="1"/></class><class name="com/company/KeyAlreadyExistException" sourcefilename="KeyAlreadyExistException.java"><method name="&lt;init&gt;" desc="(Ljava/lang/String;)V" line="7"><counter type="INSTRUCTION" missed="0" covered="4"/><counter type="LINE" missed="0" covered="2"/><counter type="COMPLEXITY" missed="0" covered="1"/><counter type="METHOD" missed="0" covered="1"/></method><counter type="INSTRUCTION" missed="0" covered="4"/><counter type="LINE" missed="0" covered="2"/><counter type="COMPLEXITY" missed="0" covered="1"/><counter type="METHOD" missed="0" covered="1"/><counter type="CLASS" missed="0" covered="1"/></class><sourcefile name="CustomTableServiceImpl.java"><line nr="20" mi="0" ci="2" mb="0" cb="0"/><line nr="23" mi="0" ci="3" mb="0" cb="0"/><line nr="24" mi="0" ci="6" mb="0" cb="0"/><line nr="29" mi="0" ci="13" mb="0" cb="0"/><line nr="30" mi="0" ci="4" mb="0" cb="0"/><line nr="31" mi="0" ci="4" mb="0" cb="0"/><line nr="33" mi="0" ci="8" mb="0" cb="0"/><line nr="34" mi="0" ci="4" mb="0" cb="0"/><line nr="36" mi="0" ci="2" mb="0" cb="0"/><line nr="37" mi="0" ci="5" mb="0" cb="2"/><line nr="39" mi="0" ci="6" mb="0" cb="0"/><line nr="40" mi="0" ci="4" mb="0" cb="0"/><line nr="41" mi="0" ci="16" mb="0" cb="2"/><line nr="42" mi="0" ci="4" mb="0" cb="0"/><line nr="43" mi="0" ci="9" mb="0" cb="0"/><line nr="44" mi="0" ci="9" mb="0" cb="0"/><line nr="46" mi="0" ci="1" mb="0" cb="0"/><line nr="47" mi="0" ci="1" mb="0" cb="0"/><line nr="48" mi="0" ci="7" mb="0" cb="0"/><line nr="49" mi="0" ci="2" mb="0" cb="0"/><line nr="51" mi="0" ci="1" mb="0" cb="0"/><line nr="55" mi="0" ci="3" mb="0" cb="0"/><line nr="56" mi="0" ci="3" mb="0" cb="0"/><line nr="57" mi="0" ci="4" mb="0" cb="0"/><line nr="58" mi="0" ci="4" mb="0" cb="0"/><line nr="60" mi="0" ci="8" mb="0" cb="2"/><line nr="61" mi="0" ci="6" mb="0" cb="0"/><line nr="62" mi="0" ci="8" mb="0" cb="2"/><line nr="63" mi="0" ci="4" mb="0" cb="0"/><line nr="64" mi="0" ci="6" mb="0" cb="0"/><line nr="67" mi="0" ci="7" mb="0" cb="2"/><line nr="68" mi="0" ci="8" mb="0" cb="0"/><line nr="69" mi="0" ci="9" mb="0" cb="0"/><line nr="72" mi="0" ci="4" mb="1" cb="1"/><line nr="74" mi="0" ci="7" mb="0" cb="2"/><line nr="75" mi="0" ci="8" mb="0" cb="0"/><line nr="76" mi="0" ci="9" mb="0" cb="0"/><line nr="79" mi="0" ci="5" mb="0" cb="0"/><line nr="80" mi="0" ci="7" mb="0" cb="0"/><line nr="83" mi="0" ci="7" mb="0" cb="0"/><line nr="84" mi="0" ci="1" mb="0" cb="0"/><line nr="88" mi="0" ci="4" mb="0" cb="0"/><line nr="89" mi="0" ci="4" mb="0" cb="0"/><line nr="91" mi="8" ci="0" mb="0" cb="0"/><line nr="92" mi="3" ci="0" mb="0" cb="0"/><line nr="94" mi="2" ci="0" mb="0" cb="0"/><line nr="95" mi="5" ci="0" mb="2" cb="0"/><line nr="97" mi="6" ci="0" mb="0" cb="0"/><line nr="98" mi="4" ci="0" mb="0" cb="0"/><line nr="99" mi="16" ci="0" mb="2" cb="0"/><line nr="100" mi="4" ci="0" mb="0" cb="0"/><line nr="101" mi="9" ci="0" mb="0" cb="0"/><line nr="102" mi="9" ci="0" mb="0" cb="0"/><line nr="104" mi="1" ci="0" mb="0" cb="0"/><line nr="105" mi="1" ci="0" mb="0" cb="0"/><line nr="106" mi="7" ci="0" mb="0" cb="0"/><line nr="107" mi="2" ci="0" mb="0" cb="0"/><line nr="109" mi="1" ci="0" mb="0" cb="0"/><line nr="113" mi="0" ci="3" mb="0" cb="0"/><line nr="114" mi="0" ci="1" mb="0" cb="0"/><line nr="118" mi="0" ci="8" mb="0" cb="2"/><line nr="119" mi="0" ci="1" mb="0" cb="0"/><line nr="123" mi="0" ci="2" mb="0" cb="0"/><line nr="124" mi="0" ci="12" mb="0" cb="2"/><line nr="125" mi="0" ci="10" mb="0" cb="0"/><line nr="126" mi="0" ci="10" mb="0" cb="2"/><line nr="127" mi="0" ci="21" mb="0" cb="0"/><line nr="128" mi="0" ci="1" mb="0" cb="0"/><line nr="129" mi="0" ci="1" mb="0" cb="0"/><line nr="130" mi="0" ci="3" mb="0" cb="0"/><line nr="131" mi="0" ci="1" mb="0" cb="0"/><line nr="132" mi="0" ci="1" mb="0" cb="0"/><line nr="136" mi="0" ci="6" mb="0" cb="0"/><line nr="141" mi="0" ci="6" mb="0" cb="0"/><line nr="146" mi="0" ci="4" mb="0" cb="0"/><line nr="149" mi="0" ci="12" mb="0" cb="2"/><line nr="150" mi="0" ci="10" mb="0" cb="2"/><line nr="151" mi="0" ci="12" mb="0" cb="2"/><line nr="152" mi="0" ci="3" mb="0" cb="0"/><line nr="153" mi="0" ci="3" mb="0" cb="0"/><line nr="155" mi="0" ci="2" mb="0" cb="0"/><line nr="156" mi="0" ci="5" mb="1" cb="3"/><line nr="157" mi="0" ci="12" mb="0" cb="2"/><line nr="158" mi="0" ci="9" mb="0" cb="2"/><line nr="159" mi="0" ci="1" mb="0" cb="0"/><line nr="162" mi="0" ci="4" mb="0" cb="2"/><line nr="163" mi="0" ci="1" mb="0" cb="0"/><line nr="166" mi="0" ci="2" mb="0" cb="2"/><line nr="167" mi="0" ci="6" mb="0" cb="0"/><line nr="168" mi="0" ci="5" mb="0" cb="0"/><line nr="169" mi="0" ci="7" mb="0" cb="0"/><line nr="170" mi="0" ci="8" mb="0" cb="0"/><line nr="172" mi="0" ci="1" mb="0" cb="0"/><line nr="173" mi="0" ci="1" mb="0" cb="0"/><line nr="176" mi="0" ci="2" mb="0" cb="0"/><line nr="181" mi="0" ci="4" mb="0" cb="0"/><line nr="183" mi="0" ci="4" mb="0" cb="0"/><line nr="184" mi="0" ci="4" mb="0" cb="0"/><line nr="185" mi="0" ci="4" mb="0" cb="0"/><line nr="186" mi="0" ci="5" mb="0" cb="2"/><line nr="187" mi="0" ci="13" mb="0" cb="0"/><line nr="188" mi="0" ci="4" mb="0" cb="0"/><line nr="189" mi="0" ci="9" mb="0" cb="0"/><line nr="191" mi="0" ci="2" mb="0" cb="0"/><line nr="196" mi="0" ci="4" mb="0" cb="0"/><line nr="198" mi="0" ci="10" mb="0" cb="0"/><line nr="199" mi="0" ci="13" mb="0" cb="0"/><line nr="200" mi="0" ci="4" mb="0" cb="0"/><line nr="201" mi="0" ci="9" mb="0" cb="0"/><line nr="203" mi="0" ci="2" mb="0" cb="0"/><line nr="204" mi="0" ci="3" mb="0" cb="0"/><line nr="209" mi="0" ci="5" mb="0" cb="0"/><line nr="210" mi="0" ci="2" mb="0" cb="0"/><line nr="211" mi="0" ci="7" mb="0" cb="2"/><line nr="212" mi="0" ci="13" mb="0" cb="2"/><line nr="215" mi="0" ci="11" mb="0" cb="0"/><line nr="221" mi="0" ci="6" mb="0" cb="2"/><line nr="222" mi="0" ci="5" mb="0" cb="0"/><line nr="224" mi="0" ci="4" mb="0" cb="0"/><line nr="225" mi="0" ci="5" mb="0" cb="0"/><line nr="226" mi="0" ci="12" mb="0" cb="0"/><line nr="227" mi="0" ci="1" mb="0" cb="0"/><line nr="231" mi="0" ci="7" mb="0" cb="0"/><line nr="232" mi="0" ci="1" mb="0" cb="0"/><line nr="236" mi="0" ci="4" mb="0" cb="0"/><line nr="238" mi="0" ci="12" mb="0" cb="2"/><line nr="239" mi="0" ci="2" mb="0" cb="0"/><line nr="240" mi="0" ci="10" mb="0" cb="2"/><line nr="241" mi="0" ci="20" mb="0" cb="0"/><line nr="242" mi="0" ci="1" mb="0" cb="0"/><line nr="243" mi="0" ci="4" mb="0" cb="0"/><line nr="244" mi="0" ci="1" mb="0" cb="0"/><line nr="245" mi="0" ci="7" mb="0" cb="0"/><line nr="246" mi="0" ci="1" mb="0" cb="0"/><line nr="250" mi="0" ci="4" mb="0" cb="0"/><line nr="251" mi="0" ci="4" mb="0" cb="0"/><line nr="252" mi="0" ci="4" mb="0" cb="0"/><line nr="254" mi="0" ci="15" mb="0" cb="0"/><line nr="255" mi="0" ci="16" mb="0" cb="2"/><line nr="256" mi="0" ci="6" mb="0" cb="0"/><line nr="257" mi="0" ci="16" mb="0" cb="0"/><line nr="258" mi="0" ci="16" mb="0" cb="0"/><line nr="259" mi="0" ci="1" mb="0" cb="0"/><line nr="261" mi="0" ci="3" mb="0" cb="0"/><line nr="262" mi="0" ci="3" mb="0" cb="0"/><line nr="263" mi="0" ci="3" mb="0" cb="2"/><line nr="264" mi="0" ci="4" mb="0" cb="0"/><line nr="265" mi="0" ci="29" mb="0" cb="0"/><line nr="266" mi="0" ci="1" mb="0" cb="0"/><line nr="267" mi="0" ci="1" mb="0" cb="0"/><line nr="271" mi="0" ci="4" mb="0" cb="0"/><line nr="272" mi="0" ci="9" mb="0" cb="0"/><line nr="273" mi="0" ci="8" mb="0" cb="2"/><line nr="274" mi="0" ci="4" mb="0" cb="0"/><line nr="275" mi="0" ci="5" mb="0" cb="0"/><line nr="278" mi="0" ci="7" mb="0" cb="2"/><line nr="279" mi="0" ci="7" mb="0" cb="0"/><line nr="280" mi="0" ci="9" mb="0" cb="0"/><line nr="283" mi="0" ci="6" mb="1" cb="1"/><line nr="285" mi="0" ci="7" mb="0" cb="2"/><line nr="286" mi="0" ci="7" mb="0" cb="0"/><line nr="287" mi="0" ci="9" mb="0" cb="0"/><line nr="289" mi="0" ci="7" mb="0" cb="0"/><line nr="290" mi="0" ci="10" mb="0" cb="0"/><line nr="292" mi="0" ci="1" mb="0" cb="0"/><line nr="296" mi="0" ci="6" mb="0" cb="0"/><counter type="INSTRUCTION" missed="78" covered="901"/><counter type="BRANCH" missed="7" covered="59"/><counter type="LINE" missed="15" covered="151"/><counter type="COMPLEXITY" missed="5" covered="47"/><counter type="METHOD" missed="0" covered="19"/><counter type="CLASS" missed="0" covered="1"/></sourcefile><sourcefile name="KeyAlreadyExistException.java"><line nr="7" mi="0" ci="3" mb="0" cb="0"/><line nr="8" mi="0" ci="1" mb="0" cb="0"/><counter type="INSTRUCTION" missed="0" covered="4"/><counter type="LINE" missed="0" covered="2"/><counter type="COMPLEXITY" missed="0" covered="1"/><counter type="METHOD" missed="0" covered="1"/><counter type="CLASS" missed="0" covered="1"/></sourcefile><sourcefile name="CustomTableService.java"/><counter type="INSTRUCTION" missed="78" covered="905"/><counter type="BRANCH" missed="7" covered="59"/><counter type="LINE" missed="15" covered="153"/><counter type="COMPLEXITY" missed="5" covered="48"/><counter type="METHOD" missed="0" covered="20"/><counter type="CLASS" missed="0" covered="2"/></package><counter type="INSTRUCTION" missed="78" covered="905"/><counter type="BRANCH" missed="7" covered="59"/><counter type="LINE" missed="15" covered="153"/><counter type="COMPLEXITY" missed="5" covered="48"/><counter type="METHOD" missed="0" covered="20"/><counter type="CLASS" missed="0" covered="2"/></report>