<?xml version="1.0" encoding="UTF-8"?>
<testsuite xmlns:xsi="http://www.w3.org/2001/XMLSchema-instance" xsi:noNamespaceSchemaLocation="https://maven.apache.org/surefire/maven-surefire-plugin/xsd/surefire-test-report-3.0.xsd" version="3.0" name="com.company.CustomTableServiceTest" time="3.896" tests="38" errors="0" skipped="0" failures="0">
  <properties>
[...]
</properties>
  <testcase name="searchKeyInstancesMultiCharStart" classname="com.company.CustomTableServiceTest" time="3.19"/>
  <testcase name="searchValueInstancesMultiCharStart" classname="com.company.CustomTableServiceTest" time="0.009"/>
  <testcase name="searchKeyInstancesMultiCharMiddle" classname="com.company.CustomTableServiceTest" time="0.011"/>
  <testcase name="searchValueInstancesMultiCharMiddle" classname="com.company.CustomTableServiceTest" time="0.006"/>
  <testcase name="searchKeyInstancesSingleCharMiddle" classname="com.company.CustomTableServiceTest" time="0.012"/>
  <testcase name="searchValueInstancesSingleCharEnd" classname="com.company.CustomTableServiceTest" time="0.004"/>
  <testcase name="sortRowTest" classname="com.company.CustomTableServiceTest" time="0.017">
    <system-out><![CDATA[
Keys: [UrlF,D, g"3I@, qwe456]
Unsorted Key+Value: [UrlF,D+TWCRe, g"3I@h>Vxv, qwe456654ewq]
Sorted Key+Value: [UrlF,D+TWCRe, g"3I@h>Vxv, qwe456654ewq]
Sorted Keys: [UrlF,D, g"3I@, qwe456]
]]></system-out>
  </testcase>
  <testcase name="getDataByKeyFirst" classname="com.company.CustomTableServiceTest" time="0.015"/>
  <testcase name="changeKeyShouldReturnSameData" classname="com.company.CustomTableServiceTest" time="0.019"/>
  <testcase name="getRowCountTest" classname="com.company.CustomTableServiceTest" time="0.001"/>
  <testcase name="searchKeyInstancesShouldReturnZero" classname="com.company.CustomTableServiceTest" time="0.003"/>
  <testcase name="getCoordByKeyFirst" classname="com.company.CustomTableServiceTest" time="0.015"/>
  <testcase name="searchValueInstancesTwoCharMiddle" classname="com.company.CustomTableServiceTest" time="0.005"/>
  <testcase name="sortRowTestIndexOutOfBounds" classname="com.company.CustomTableServiceTest" time="0.045"/>
  <testcase name="getCoordByKeyMiddle" classname="com.company.CustomTableServiceTest" time="0.006"/>
  <testcase name="searchKeyInstancesSingleCharEnd" classname="com.company.CustomTableServiceTest" time="0.005"/>
  <testcase name="searchKeyInstancesSingleCharStart" classname="com.company.CustomTableServiceTest" time="0.004"/>
  <testcase name="searchValueInstancesSingleCharStart" classname="com.company.CustomTableServiceTest" time="0.004"/>
  <testcase name="searchKeyInstancesSingleCharMultiKeys" classname="com.company.CustomTableServiceTest" time="0.019"/>
  <testcase name="searchValueInstancesSingleCharMultiKeys" classname="com.company.CustomTableServiceTest" time="0.008"/>
  <testcase name="searchValueInstancesTwoCharEnd" classname="com.company.CustomTableServiceTest" time="0.007"/>
  <testcase name="getDataByCoordLast" classname="com.company.CustomTableServiceTest" time="0.015"/>
  <testcase name="searchKeyInstancesTwoCharMiddle" classname="com.company.CustomTableServiceTest" time="0.009"/>
  <testcase name="searchKeyInstancesTwoCharStart" classname="com.company.CustomTableServiceTest" time="0.011"/>
  <testcase name="searchValueInstancesTwoCharStart" classname="com.company.CustomTableServiceTest" time="0.004"/>
  <testcase name="searchValueInstancesSingleCharMiddle" classname="com.company.CustomTableServiceTest" time="0.006"/>
  <testcase name="saveTableTest" classname="com.company.CustomTableServiceTest" time="0.152"/>
  <testcase name="insertRowTest" classname="com.company.CustomTableServiceTest" time="0.01"/>
  <testcase name="changeKeyShouldReturnKeyAlreadyExistException" classname="com.company.CustomTableServiceTest" time="0.007"/>
  <testcase name="getCoordByKeyLast" classname="com.company.CustomTableServiceTest" time="0.004"/>
  <testcase name="searchKeyInstancesTwoCharEnd" classname="com.company.CustomTableServiceTest" time="0.004"/>
  <testcase name="searchKeyInstancesMultiCharEnd" classname="com.company.CustomTableServiceTest" time="0.006"/>
  <testcase name="searchValueInstancesMultiCharEnd" classname="com.company.CustomTableServiceTest" time="0.007"/>
  <testcase name="getDataByCoordMiddle" classname="com.company.CustomTableServiceTest" time="0.003"/>
  <testcase name="getDataByKeyLast" classname="com.company.CustomTableServiceTest" time="0.004"/>
  <testcase name="getDataByKeyMiddle" classname="com.company.CustomTableServiceTest" time="0.004"/>
  <testcase name="getDataByCoordFirst" classname="com.company.CustomTableServiceTest" time="0.005"/>
  <testcase name="searchValueInstancesNoMatch" classname="com.company.CustomTableServiceTest" time="0.003"/>
</testsuite>