<?xml version="1.0" encoding="UTF-8"?>
<testsuite xmlns:xsi="http://www.w3.org/2001/XMLSchema-instance" xsi:noNamespaceSchemaLocation="https://maven.apache.org/surefire/maven-surefire-plugin/xsd/surefire-test-report-3.0.xsd" version="3.0" name="com.company.CustomTableServiceTest" time="3.829" tests="46" errors="0" skipped="0" failures="0">
  <properties>
[...]
</properties>
  <testcase name="searchKeyInstancesMultiCharStart" classname="com.company.CustomTableServiceTest" time="3.137"/>
  <testcase name="searchValueInstancesMultiCharStart" classname="com.company.CustomTableServiceTest" time="0.011"/>
  <testcase name="searchKeyInstancesMultiCharMiddle" classname="com.company.CustomTableServiceTest" time="0.014"/>
  <testcase name="searchValueInstancesMultiCharMiddle" classname="com.company.CustomTableServiceTest" time="0.01"/>
  <testcase name="searchKeyInstancesSingleCharMiddle" classname="com.company.CustomTableServiceTest" time="0.012"/>
  <testcase name="searchValueInstancesSingleCharEnd" classname="com.company.CustomTableServiceTest" time="0.01"/>
  <testcase name="sortRowTest" classname="com.company.CustomTableServiceTest" time="0.056">
    <system-out><![CDATA[
Keys: [UrlF,D, g"3I@, qwe456]
]]></system-out>
  </testcase>
  <testcase name="getDataByKeyFirst" classname="com.company.CustomTableServiceTest" time="0.008"/>
  <testcase name="createTableFromInputIllegalArgumentException" classname="com.company.CustomTableServiceTest" time="0.038"/>
  <testcase name="changeKeyShouldReturnSameData" classname="com.company.CustomTableServiceTest" time="0.012"/>
  <testcase name="createTableFromFileIOException" classname="com.company.CustomTableServiceTest" time="0.008"/>
  <testcase name="getRowCountTest" classname="com.company.CustomTableServiceTest" time="0.006"/>
  <testcase name="searchKeyInstancesShouldReturnZero" classname="com.company.CustomTableServiceTest" time="0.008"/>
  <testcase name="getCoordByKeyFirst" classname="com.company.CustomTableServiceTest" time="0.006"/>
  <testcase name="searchValueInstancesTwoCharMiddle" classname="com.company.CustomTableServiceTest" time="0.006"/>
  <testcase name="sortRowTestIndexOutOfBounds" classname="com.company.CustomTableServiceTest" time="0.007"/>
  <testcase name="getCoordByKeyMiddle" classname="com.company.CustomTableServiceTest" time="0.006"/>
  <testcase name="searchKeyInstancesSingleCharEnd" classname="com.company.CustomTableServiceTest" time="0.007"/>
  <testcase name="searchKeyInstancesSingleCharStart" classname="com.company.CustomTableServiceTest" time="0.006"/>
  <testcase name="searchValueInstancesSingleCharStart" classname="com.company.CustomTableServiceTest" time="0.005"/>
  <testcase name="searchKeyInstancesSingleCharMultiKeys" classname="com.company.CustomTableServiceTest" time="0.006"/>
  <testcase name="changeValueByKeyTest" classname="com.company.CustomTableServiceTest" time="0.008"/>
  <testcase name="searchValueInstancesSingleCharMultiKeys" classname="com.company.CustomTableServiceTest" time="0.004"/>
  <testcase name="searchValueInstancesTwoCharEnd" classname="com.company.CustomTableServiceTest" time="0.007"/>
  <testcase name="getDataByCoordLast" classname="com.company.CustomTableServiceTest" time="0.007"/>
  <testcase name="searchKeyInstancesFullKey" classname="com.company.CustomTableServiceTest" time="0.005"/>
  <testcase name="searchKeyInstancesTwoCharMiddle" classname="com.company.CustomTableServiceTest" time="0.006"/>
  <testcase name="searchKeyInstancesTwoCharStart" classname="com.company.CustomTableServiceTest" time="0.006"/>
  <testcase name="createTableFromInput" classname="com.company.CustomTableServiceTest" time="0.005"/>
  <testcase name="searchValueInstancesTwoCharStart" classname="com.company.CustomTableServiceTest" time="0.004"/>
  <testcase name="searchValueInstancesSingleCharMiddle" classname="com.company.CustomTableServiceTest" time="0.012"/>
  <testcase name="saveTableTest" classname="com.company.CustomTableServiceTest" time="0.08"/>
  <testcase name="searchValueInstancesFullValue" classname="com.company.CustomTableServiceTest" time="0.007"/>
  <testcase name="insertRowTest" classname="com.company.CustomTableServiceTest" time="0.011"/>
  <testcase name="changeKeyShouldReturnKeyAlreadyExistException" classname="com.company.CustomTableServiceTest" time="0.007"/>
  <testcase name="getCoordByKeyLast" classname="com.company.CustomTableServiceTest" time="0.005"/>
  <testcase name="createDefaultTable" classname="com.company.CustomTableServiceTest" time="0.008"/>
  <testcase name="searchKeyInstancesTwoCharEnd" classname="com.company.CustomTableServiceTest" time="0.005"/>
  <testcase name="searchKeyInstancesMultiCharEnd" classname="com.company.CustomTableServiceTest" time="0.007"/>
  <testcase name="searchValueInstancesMultiCharEnd" classname="com.company.CustomTableServiceTest" time="0.018"/>
  <testcase name="getDataByCoordMiddle" classname="com.company.CustomTableServiceTest" time="0.007"/>
  <testcase name="getDataByKeyLast" classname="com.company.CustomTableServiceTest" time="0.004"/>
  <testcase name="getDataByKeyMiddle" classname="com.company.CustomTableServiceTest" time="0.005"/>
  <testcase name="getDataByCoordFirst" classname="com.company.CustomTableServiceTest" time="0.004"/>
  <testcase name="searchValueInstancesNoMatch" classname="com.company.CustomTableServiceTest" time="0.004"/>
  <testcase name="printTableRunTest" classname="com.company.CustomTableServiceTest" time="0.007">
    <system-out><![CDATA[0 [ UrlF,D , +TWCRe ] [ g"3I@ , h>Vxv ] [ qwe456 , 654ewq ] 
]]></system-out>
  </testcase>
</testsuite>